<component name="libraryTable">
  <library name="junit-platform-commons-1.11.0">
    <CLASSES>
      <root url="jar://$USER_HOME$/Downloads/junit-platform-commons-1.11.0.jar!/" />
    </CLASSES>
    <JAVADOC />
    <SOURCES />
  </library>
</component>